[31m                    ------------------------------------------------[0m
[31m      Jekyll 4.4.1   Please append `--trace` to the `build` command [0m
[31m                     for any additional information or backtrace. [0m
[31m                    ------------------------------------------------[0m
/usr/local/lib/ruby/3.3.0/psych/parser.rb:62:in `_native_parse': (/workspaces/OTSecVerse2/_config.yml): did not find expected '-' indicator while parsing a block collection at line 211 column 3 (Psych::SyntaxError)
	from /usr/local/lib/ruby/3.3.0/psych/parser.rb:62:in `parse'
	from /usr/local/rvm/gems/default/gems/safe_yaml-1.0.5/lib/safe_yaml/load.rb:143:in `load'
	from /usr/local/rvm/gems/default/gems/safe_yaml-1.0.5/lib/safe_yaml/load.rb:157:in `block in load_file'
	from /usr/local/rvm/gems/default/gems/safe_yaml-1.0.5/lib/safe_yaml/load.rb:157:in `open'
	from /usr/local/rvm/gems/default/gems/safe_yaml-1.0.5/lib/safe_yaml/load.rb:157:in `load_file'
	from /usr/local/rvm/gems/default/gems/jekyll-4.4.1/lib/jekyll/configuration.rb:129:in `safe_load_file'
	from /usr/local/rvm/gems/default/gems/jekyll-4.4.1/lib/jekyll/configuration.rb:167:in `read_config_file'
	from /usr/local/rvm/gems/default/gems/jekyll-4.4.1/lib/jekyll/configuration.rb:198:in `block in read_config_files'
	from /usr/local/rvm/gems/default/gems/jekyll-4.4.1/lib/jekyll/configuration.rb:195:in `each'
	from /usr/local/rvm/gems/default/gems/jekyll-4.4.1/lib/jekyll/configuration.rb:195:in `read_config_files'
	from /usr/local/rvm/gems/default/gems/jekyll-4.4.1/lib/jekyll.rb:118:in `configuration'
	from /usr/local/rvm/gems/default/gems/jekyll-4.4.1/lib/jekyll/command.rb:44:in `configuration_from_options'
	from /usr/local/rvm/gems/default/gems/jekyll-4.4.1/lib/jekyll/commands/build.rb:29:in `process'
	from /usr/local/rvm/gems/default/gems/jekyll-4.4.1/lib/jekyll/command.rb:91:in `block in process_with_graceful_fail'
	from /usr/local/rvm/gems/default/gems/jekyll-4.4.1/lib/jekyll/command.rb:91:in `each'
	from /usr/local/rvm/gems/default/gems/jekyll-4.4.1/lib/jekyll/command.rb:91:in `process_with_graceful_fail'
	from /usr/local/rvm/gems/default/gems/jekyll-4.4.1/lib/jekyll/commands/build.rb:18:in `block (2 levels) in init_with_program'
	from /usr/local/rvm/gems/default/gems/mercenary-0.4.0/lib/mercenary/command.rb:221:in `block in execute'
	from /usr/local/rvm/gems/default/gems/mercenary-0.4.0/lib/mercenary/command.rb:221:in `each'
	from /usr/local/rvm/gems/default/gems/mercenary-0.4.0/lib/mercenary/command.rb:221:in `execute'
	from /usr/local/rvm/gems/default/gems/mercenary-0.4.0/lib/mercenary/program.rb:44:in `go'
	from /usr/local/rvm/gems/default/gems/mercenary-0.4.0/lib/mercenary.rb:21:in `program'
	from /usr/local/rvm/gems/default/gems/jekyll-4.4.1/exe/jekyll:15:in `<top (required)>'
	from /usr/local/lib/ruby/site_ruby/3.3.0/rubygems.rb:319:in `load'
	from /usr/local/lib/ruby/site_ruby/3.3.0/rubygems.rb:319:in `activate_and_load_bin_path'
	from /usr/local/rvm/gems/default/bin/jekyll:25:in `<top (required)>'
	from /usr/local/rvm/gems/default/gems/bundler-2.7.2/lib/bundler/cli/exec.rb:59:in `load'
	from /usr/local/rvm/gems/default/gems/bundler-2.7.2/lib/bundler/cli/exec.rb:59:in `kernel_load'
	from /usr/local/rvm/gems/default/gems/bundler-2.7.2/lib/bundler/cli/exec.rb:23:in `run'
	from /usr/local/rvm/gems/default/gems/bundler-2.7.2/lib/bundler/cli.rb:456:in `exec'
	from /usr/local/rvm/gems/default/gems/bundler-2.7.2/lib/bundler/vendor/thor/lib/thor/command.rb:28:in `run'
	from /usr/local/rvm/gems/default/gems/bundler-2.7.2/lib/bundler/vendor/thor/lib/thor/invocation.rb:127:in `invoke_command'
	from /usr/local/rvm/gems/default/gems/bundler-2.7.2/lib/bundler/vendor/thor/lib/thor.rb:538:in `dispatch'
	from /usr/local/rvm/gems/default/gems/bundler-2.7.2/lib/bundler/cli.rb:35:in `dispatch'
	from /usr/local/rvm/gems/default/gems/bundler-2.7.2/lib/bundler/vendor/thor/lib/thor/base.rb:584:in `start'
	from /usr/local/rvm/gems/default/gems/bundler-2.7.2/lib/bundler/cli.rb:29:in `start'
	from /usr/local/rvm/gems/default/gems/bundler-2.7.2/exe/bundle:28:in `block in <top (required)>'
	from /usr/local/rvm/gems/default/gems/bundler-2.7.2/lib/bundler/friendly_errors.rb:118:in `with_friendly_errors'
	from /usr/local/rvm/gems/default/gems/bundler-2.7.2/exe/bundle:20:in `<top (required)>'
	from /usr/local/lib/ruby/site_ruby/3.3.0/rubygems.rb:319:in `load'
	from /usr/local/lib/ruby/site_ruby/3.3.0/rubygems.rb:319:in `activate_and_load_bin_path'
	from /usr/local/rvm/gems/default/bin/bundle:25:in `<main>'
